<?xml version="1.0" encoding="UTF-8"?>
<testsuite xmlns:xsi="http://www.w3.org/2001/XMLSchema-instance" xsi:noNamespaceSchemaLocation="https://maven.apache.org/surefire/maven-surefire-plugin/xsd/surefire-test-report.xsd" name="models.UserTest" time="0" tests="7" errors="0" skipped="0" failures="0">
  <properties>
[...]
</properties>
  <testcase name="testParameterizedConstructor" classname="models.UserTest" time="0"/>
  <testcase name="testSettersAndGetters" classname="models.UserTest" time="0"/>
  <testcase name="testUserIdUpdate" classname="models.UserTest" time="0"/>
  <testcase name="testDriverRole" classname="models.UserTest" time="0"/>
  <testcase name="testUserWithEmptyValues" classname="models.UserTest" time="0"/>
  <testcase name="testPassengerRole" classname="models.UserTest" time="0"/>
  <testcase name="testDefaultConstructor" classname="models.UserTest" time="0"/>
</testsuite>